app/build/intermediates/manifest_merge_blame_file/debug/processDebugMainManifest/manifest-merger-blame-debug-report.txt
1<?xml version="1.0" encoding="utf-8"?>
2<manifest xmlns:android="http://schemas.android.com/apk/res/android"
3    package="com.slice.remote"
4    android:versionCode="1"
5    android:versionName="1.0" >
6
7    <uses-sdk
7-->INJECTED
8        android:minSdkVersion="34"
8-->INJECTED
9        android:targetSdkVersion="35" />
9-->INJECTED
10
11    <application
11-->src/main/AndroidManifest.xml:3:5-18:19
12        android:debuggable="true"
13        android:extractNativeLibs="false"
13-->INJECTED
14        android:label="Slice"
14-->src/main/AndroidManifest.xml:5:9-30
15        android:theme="@style/AppTheme" >
15-->src/main/AndroidManifest.xml:4:9-40
16        <activity
16-->src/main/AndroidManifest.xml:7:9-16:20
17            android:name="com.slice.remote.MainActivity"
17-->src/main/AndroidManifest.xml:8:13-41
18            android:exported="true" >
18-->src/main/AndroidManifest.xml:9:13-36
19            <intent-filter>
19-->src/main/AndroidManifest.xml:11:13-14:29
20                <action android:name="android.intent.action.MAIN" />
20-->src/main/AndroidManifest.xml:12:17-69
20-->src/main/AndroidManifest.xml:12:25-66
21
22                <category android:name="android.intent.category.LAUNCHER" />
22-->src/main/AndroidManifest.xml:13:17-77
22-->src/main/AndroidManifest.xml:13:27-74
23            </intent-filter>
24        </activity>
25    </application>
26
27</manifest>